<?xml version="1.0" encoding="UTF-8" ?>
<testsuite skipped="0" tests="4" failures="0" errors="0" name="org.openmrs.module.changerelationships.api.ChangeRelationshipsServiceTest" time="22.262">
  <properties>
    <property value="IBM Corporation" name="java.vendor"/>
    <property value="SUN_STANDARD" name="sun.java.launcher"/>
    <property value="Windows 7" name="os.name"/>
    <property value="C:\Program Files\IBM\Java60\jre\bin\default\jclSC160\vm.jar;C:\Program Files\IBM\Java60\jre\lib\annotation.jar;C:\Program Files\IBM\Java60\jre\lib\beans.jar;C:\Program Files\IBM\Java60\jre\lib\java.util.jar;C:\Program Files\IBM\Java60\jre\lib\jndi.jar;C:\Program Files\IBM\Java60\jre\lib\logging.jar;C:\Program Files\IBM\Java60\jre\lib\security.jar;C:\Program Files\IBM\Java60\jre\lib\sql.jar;C:\Program Files\IBM\Java60\jre\lib\ibmorb.jar;C:\Program Files\IBM\Java60\jre\lib\ibmorbapi.jar;C:\Program Files\IBM\Java60\jre\lib\ibmcfw.jar;C:\Program Files\IBM\Java60\jre\lib\rt.jar;C:\Program Files\IBM\Java60\jre\lib\charsets.jar;C:\Program Files\IBM\Java60\jre\lib\resources.jar;C:\Program Files\IBM\Java60\jre\lib\ibmpkcs.jar;C:\Program Files\IBM\Java60\jre\lib\ibmcertpathfw.jar;C:\Program Files\IBM\Java60\jre\lib\ibmjgssfw.jar;C:\Program Files\IBM\Java60\jre\lib\ibmjssefw.jar;C:\Program Files\IBM\Java60\jre\lib\ibmsaslfw.jar;C:\Program Files\IBM\Java60\jre\lib\ibmjcefw.jar;C:\Program Files\IBM\Java60\jre\lib\ibmjgssprovider.jar;C:\Program Files\IBM\Java60\jre\lib\ibmjsseprovider2.jar;C:\Program Files\IBM\Java60\jre\lib\ibmcertpathprovider.jar;C:\Program Files\IBM\Java60\jre\lib\ibmxmlcrypto.jar;C:\Program Files\IBM\Java60\jre\lib\management-agent.jar;C:\Program Files\IBM\Java60\jre\lib\xml.jar;C:\Program Files\IBM\Java60\jre\lib\jlm.jar;C:\Program Files\IBM\Java60\jre\lib\javascript.jar" name="sun.boot.class.path"/>
    <property value="" name="sun.java2d.fontpath"/>
    <property value="Sun Microsystems Inc." name="java.vm.specification.vendor"/>
    <property value="jvmwa6460sr9-20101124_69295" name="java.runtime.version"/>
    <property value="ykolesn" name="user.name"/>
    <property value="j9jit24" name="java.compiler"/>
    <property value="UTF8" name="os.encoding"/>
    <property value="true" name="guice.disable.misplaced.annotation.check"/>
    <property value="" name="com.ibm.util.extralibs.properties"/>
    <property value="" name="com.ibm.jcl.checkClassPath"/>
    <property value="en" name="user.language"/>
    <property value="C:\Program Files\IBM\Java60\jre\bin\default;C:\Program Files\IBM\Java60\jre\bin" name="com.ibm.oti.vm.bootstrap.library.path"/>
    <property value="C:\Program Files\IBM\Java60\jre\bin\default;C:\Program Files\IBM\Java60\jre\bin" name="sun.boot.library.path"/>
    <property value="C:\tempWorkspace\.metadata\.plugins\org.eclipse.m2e.core\launches\m2conf6284405483927527026.tmp" name="classworlds.conf"/>
    <property value="1.6.0" name="java.version"/>
    <property value="America/New_York" name="user.timezone"/>
    <property value="64" name="sun.arch.data.model"/>
    <property value="C:\Program Files\IBM\Java60\jre\lib\endorsed" name="java.endorsed.dirs"/>
    <property value="24" name="com.ibm.oti.vm.library.version"/>
    <property value="Cp1252" name="sun.jnu.encoding"/>
    <property value="15" name="jxe.current.romimage.version"/>
    <property value="\" name="file.separator"/>
    <property value="Java Platform API Specification" name="java.specification.name"/>
    <property value="50.0" name="java.class.version"/>
    <property value="US" name="user.country"/>
    <property value="C:\Program Files\IBM\Java60\jre" name="java.home"/>
    <property value="JRE 1.6.0 IBM J9 2.4 Windows 7 amd64-64 jvmwa6460sr9-20101124_69295 (JIT enabled, AOT enabled)
J9VM - 20101124_069295
JIT  - r9_20101028_17488ifx2
GC   - 20101027_AA" name="java.vm.info"/>
    <property value="6.1 build 7601 Service Pack 1" name="os.version"/>
    <property value="" name="java.awt.fonts"/>
    <property value=";" name="path.separator"/>
    <property value="2.4" name="java.vm.version"/>
    <property value="java.util.prefs.WindowsPreferencesFactory" name="java.util.prefs.PreferencesFactory"/>
    <property value="" name="user.variant"/>
    <property value="sun.awt.windows.WPrinterJob" name="java.awt.printerjob"/>
    <property value="UnicodeLittle" name="sun.io.unicode.encoding"/>
    <property value="sun.awt.windows.WToolkit" name="awt.toolkit"/>
    <property value="true" name="ibm.signalhandling.sigint"/>
    <property value="ON" name="java.assistive"/>
    <property value="C:\Users\IBM_ADMIN" name="user.home"/>
    <property value="little" name="com.ibm.cpu.endian"/>
    <property value="Sun Microsystems Inc." name="java.specification.vendor"/>
    <property value="true" name="ibm.signalhandling.sigchain"/>
    <property value="C:\Program Files\IBM\Java60\jre\bin\default;C:\Program Files\IBM\Java60\jre\bin;.;C:\windows\system32;C:\windows;C:\windows\system32\wbem;C:\windows\system32\windowspowershell\v1.0\;c:\program files\ibm\infoprint select;c:\program files\thinkpad\bluetooth software\;c:\program files\thinkpad\bluetooth software\syswow64;c:\program files (x86)\ibm\personal communications\;c:\program files (x86)\ibm\trace facility\;c:\program files\intel\wifi\bin\;c:\program files\common files\intel\wirelesscommon\;c:\program files (x86)\lenovo\access connections\;C:\apache-ant-1.8.2\bin;C:\apache-maven-2.2.1\bin;C:\sdk\bin;c:\program files\ibm\gsk8\lib64;c:\program files (x86)\ibm\gsk8\lib;C:\PROGRA~1\IBM\SQLLIB\BIN;C:\PROGRA~1\IBM\SQLLIB\FUNCTION;C:\PROGRA~1\IBM\SQLLIB\SAMPLES\REPL;C:\Program Files\Intel\WiFi\bin\;C:\Program Files\Common Files\Intel\WirelessCommon\" name="java.library.path"/>
    <property value="http://www.ibm.com/" name="java.vendor.url"/>
    <property value="IBM Corporation" name="java.vm.vendor"/>
    <property value="JRE 1.6.0 IBM J9 2.4 Windows 7 amd64-64 jvmwa6460sr9-20101124_69295 (JIT enabled, AOT enabled)
J9VM - 20101124_069295
JIT  - r9_20101028_17488ifx2
GC   - 20101027_AA" name="java.fullversion"/>
    <property value="C:\Users\IBM_ADMIN\git\openmrs-module-m604\changerelationships\EMBEDDED" name="maven.home"/>
    <property value="Java(TM) SE Runtime Environment" name="java.runtime.name"/>
    <property value="org.codehaus.plexus.classworlds.launcher.Launcher -B package" name="sun.java.command"/>
    <property value="/C:/tempEclipse/eclipse/configuration/org.eclipse.osgi/bundles/779/1/.cp/jars/plexus-classworlds-2.4.jar" name="java.class.path"/>
    <property value="Java Virtual Machine Specification" name="java.vm.specification.name"/>
    <property value="1.0" name="java.vm.specification.version"/>
    <property value="C:\Users\IBM_AD~1\AppData\Local\Temp\" name="java.io.tmpdir"/>
    <property value="20110211_02" name="java.jcl.version"/>
    <property value="Cp1252" name="ibm.system.encoding"/>
    <property value="amd64" name="os.arch"/>
    <property value="sun.awt.Win32GraphicsEnvironment" name="java.awt.graphicsenv"/>
    <property value="false" name="ibm.signalhandling.rs"/>
    <property value="C:\Program Files\IBM\Java60\jre\lib\ext" name="java.ext.dirs"/>
    <property value="C:\Users\IBM_ADMIN\git\openmrs-module-m604\changerelationships" name="user.dir"/>
    <property value="
" name="line.separator"/>
    <property value="IBM J9 VM" name="java.vm.name"/>
    <property value="false" name="com.ibm.oti.shared.enabled"/>
    <property value="64" name="com.ibm.vm.bitmode"/>
    <property value="15" name="jxe.lowest.romimage.version"/>
    <property value="Cp1252" name="file.encoding"/>
    <property value="20101103_1225" name="com.ibm.oti.jcl.build"/>
    <property value="1.6" name="java.specification.version"/>
    <property value="scar" name="com.ibm.oti.configuration"/>
  </properties>
  <testcase classname="org.openmrs.module.changerelationships.api.ChangeRelationshipsServiceTest" name="shouldSetupContext" time="17.529"/>
  <testcase classname="org.openmrs.module.changerelationships.api.ChangeRelationshipsServiceTest" name="shouldSetupPersonService" time="1.591"/>
  <testcase classname="org.openmrs.module.changerelationships.api.ChangeRelationshipsServiceTest" name="getPersonObjectFromInputnameTest" time="1.656"/>
  <testcase classname="org.openmrs.module.changerelationships.api.ChangeRelationshipsServiceTest" name="findRelationshipTypeFromInputTest" time="0.833"/>
</testsuite>